#-----------------------------------------------------------
# Vivado v2021.1 (64-bit)
# SW Build 3247384 on Thu Jun 10 19:36:33 MDT 2021
# IP Build 3246043 on Fri Jun 11 00:30:35 MDT 2021
# Start of session at: Thu Dec 19 15:01:37 2024
# Process ID: 11100
# Current directory: D:/TK_HTN/PS2_keyboard
# Command line: vivado.exe -gui_launcher_event rodinguilauncherevent7524 D:\TK_HTN\PS2_keyboard\PS2_keyboard.xpr
# Log file: D:/TK_HTN/PS2_keyboard/vivado.log
# Journal file: D:/TK_HTN/PS2_keyboard\vivado.jou
#-----------------------------------------------------------
start_gui
open_project D:/TK_HTN/PS2_keyboard/PS2_keyboard.xpr
CRITICAL WARNING: [Project 1-19] Could not find the file 'D:/TK_HTN/PS2_keyboard/PS2_keyboard.srcs/sources_1/bd/PS2_keyboard_ip/PS2_keyboard_ip.bd'.
Scanning sources...
Finished scanning sources
INFO: [IP_Flow 19-234] Refreshing IP repositories
INFO: [IP_Flow 19-1700] Loaded user IP repository 'd:/TK_HTN/ip_repo/PS2_keyboard_ip_1.0'.
WARNING: [IP_Flow 19-2207] Repository 'd:/TK_HTN/ip_repo/PS2_keyboard_ip_1.0' already exists; ignoring attempt to add it again.
INFO: [IP_Flow 19-1700] Loaded user IP repository 'd:/TK_HTN/ip_repo/PS2_keyboard_ip_1.0'.
INFO: [IP_Flow 19-2313] Loaded Vivado IP repository 'D:/Vivado/2021.1/data/ip'.
open_project: Time (s): cpu = 00:00:27 ; elapsed = 00:00:13 . Memory (MB): peak = 1120.406 ; gain = 0.000
update_compile_order -fileset sources_1
export_ip_user_files -of_objects  [get_files D:/TK_HTN/PS2_keyboard/PS2_keyboard.gen/sources_1/bd/PS2_keyboard_ip/hdl/PS2_keyboard_ip_wrapper.vhd] -no_script -reset -force -quiet
